     0,                  Time [s],                            Time [s]
     1,            delta GENROU 1,                   $\delta$ GENROU 1
     2,            delta GENROU 2,                   $\delta$ GENROU 2
     3,            delta GENROU 3,                   $\delta$ GENROU 3
     4,            delta GENROU 4,                   $\delta$ GENROU 4
     5,            delta GENROU 5,                   $\delta$ GENROU 5
     6,            omega GENROU 1,                   $\omega$ GENROU 1
     7,            omega GENROU 2,                   $\omega$ GENROU 2
     8,            omega GENROU 3,                   $\omega$ GENROU 3
     9,            omega GENROU 4,                   $\omega$ GENROU 4
    10,            omega GENROU 5,                   $\omega$ GENROU 5
    11,              e1q GENROU 1,                   ${e'_q}$ GENROU 1
    12,              e1q GENROU 2,                   ${e'_q}$ GENROU 2
    13,              e1q GENROU 3,                   ${e'_q}$ GENROU 3
    14,              e1q GENROU 4,                   ${e'_q}$ GENROU 4
    15,              e1q GENROU 5,                   ${e'_q}$ GENROU 5
    16,              e1d GENROU 1,                   ${e'_d}$ GENROU 1
    17,              e1d GENROU 2,                   ${e'_d}$ GENROU 2
    18,              e1d GENROU 3,                   ${e'_d}$ GENROU 3
    19,              e1d GENROU 4,                   ${e'_d}$ GENROU 4
    20,              e1d GENROU 5,                   ${e'_d}$ GENROU 5
    21,              e2d GENROU 1,                  ${e''_d}$ GENROU 1
    22,              e2d GENROU 2,                  ${e''_d}$ GENROU 2
    23,              e2d GENROU 3,                  ${e''_d}$ GENROU 3
    24,              e2d GENROU 4,                  ${e''_d}$ GENROU 4
    25,              e2d GENROU 5,                  ${e''_d}$ GENROU 5
    26,              e2q GENROU 1,                  ${e''_q}$ GENROU 1
    27,              e2q GENROU 2,                  ${e''_q}$ GENROU 2
    28,              e2q GENROU 3,                  ${e''_q}$ GENROU 3
    29,              e2q GENROU 4,                  ${e''_q}$ GENROU 4
    30,              e2q GENROU 5,                  ${e''_q}$ GENROU 5
    31,             LAG_y TGOV1 1,                   $y_{LAG}$ TGOV1 1
    32,             LAG_y TGOV1 2,                   $y_{LAG}$ TGOV1 2
    33,             LAG_y TGOV1 3,                   $y_{LAG}$ TGOV1 3
    34,             LAG_y TGOV1 4,                   $y_{LAG}$ TGOV1 4
    35,             LAG_y TGOV1 5,                   $y_{LAG}$ TGOV1 5
    36,              LL_x TGOV1 1,                   $x'_{LL}$ TGOV1 1
    37,              LL_x TGOV1 2,                   $x'_{LL}$ TGOV1 2
    38,              LL_x TGOV1 3,                   $x'_{LL}$ TGOV1 3
    39,              LL_x TGOV1 4,                   $x'_{LL}$ TGOV1 4
    40,              LL_x TGOV1 5,                   $x'_{LL}$ TGOV1 5
    41,              LG_y EXST1 1,                    $y_{LG}$ EXST1 1
    42,              LL_x EXST1 1,                   $x'_{LL}$ EXST1 1
    43,              LR_y EXST1 1,                    $y_{LR}$ EXST1 1
    44,              WF_x EXST1 1,                   $x'_{WF}$ EXST1 1
    45,             LG_y ESST3A 2,                   $y_{LG}$ ESST3A 2
    46,             LG_y ESST3A 3,                   $y_{LG}$ ESST3A 3
    47,             LG_y ESST3A 4,                   $y_{LG}$ ESST3A 4
    48,             LG_y ESST3A 5,                   $y_{LG}$ ESST3A 5
    49,             LL_x ESST3A 2,                  $x'_{LL}$ ESST3A 2
    50,             LL_x ESST3A 3,                  $x'_{LL}$ ESST3A 3
    51,             LL_x ESST3A 4,                  $x'_{LL}$ ESST3A 4
    52,             LL_x ESST3A 5,                  $x'_{LL}$ ESST3A 5
    53,           LAW1_y ESST3A 2,                 $y_{LAW1}$ ESST3A 2
    54,           LAW1_y ESST3A 3,                 $y_{LAW1}$ ESST3A 3
    55,           LAW1_y ESST3A 4,                 $y_{LAW1}$ ESST3A 4
    56,           LAW1_y ESST3A 5,                 $y_{LAW1}$ ESST3A 5
    57,           LAW2_y ESST3A 2,                 $y_{LAW2}$ ESST3A 2
    58,           LAW2_y ESST3A 3,                 $y_{LAW2}$ ESST3A 3
    59,           LAW2_y ESST3A 4,                 $y_{LAW2}$ ESST3A 4
    60,           LAW2_y ESST3A 5,                 $y_{LAW2}$ ESST3A 5
    61,             L_y BusFreq 1,                   $y_{L}$ BusFreq 1
    62,             L_y BusFreq 2,                   $y_{L}$ BusFreq 2
    63,             L_y BusFreq 3,                   $y_{L}$ BusFreq 3
    64,            WO_x BusFreq 1,                 $x'_{WO}$ BusFreq 1
    65,            WO_x BusFreq 2,                 $x'_{WO}$ BusFreq 2
    66,            WO_x BusFreq 3,                 $x'_{WO}$ BusFreq 3
    67,                   a Bus 1,                      $\theta$ Bus 1
    68,                   a Bus 2,                      $\theta$ Bus 2
    69,                   a Bus 3,                      $\theta$ Bus 3
    70,                   a Bus 4,                      $\theta$ Bus 4
    71,                   a Bus 5,                      $\theta$ Bus 5
    72,                   a Bus 6,                      $\theta$ Bus 6
    73,                   a Bus 7,                      $\theta$ Bus 7
    74,                   a Bus 8,                      $\theta$ Bus 8
    75,                   a Bus 9,                      $\theta$ Bus 9
    76,                  a Bus 10,                     $\theta$ Bus 10
    77,                  a Bus 11,                     $\theta$ Bus 11
    78,                  a Bus 12,                     $\theta$ Bus 12
    79,                  a Bus 13,                     $\theta$ Bus 13
    80,                  a Bus 14,                     $\theta$ Bus 14
    81,                   v Bus 1,                           $V$ Bus 1
    82,                   v Bus 2,                           $V$ Bus 2
    83,                   v Bus 3,                           $V$ Bus 3
    84,                   v Bus 4,                           $V$ Bus 4
    85,                   v Bus 5,                           $V$ Bus 5
    86,                   v Bus 6,                           $V$ Bus 6
    87,                   v Bus 7,                           $V$ Bus 7
    88,                   v Bus 8,                           $V$ Bus 8
    89,                   v Bus 9,                           $V$ Bus 9
    90,                  v Bus 10,                          $V$ Bus 10
    91,                  v Bus 11,                          $V$ Bus 11
    92,                  v Bus 12,                          $V$ Bus 12
    93,                  v Bus 13,                          $V$ Bus 13
    94,                  v Bus 14,                          $V$ Bus 14
    95,                    q PV 2,                            $q$ PV 2
    96,                    q PV 3,                            $q$ PV 3
    97,                    q PV 4,                            $q$ PV 4
    98,                    q PV 5,                            $q$ PV 5
    99,                 q Slack 1,                         $q$ Slack 1
   100,                 p Slack 1,                         $p$ Slack 1
   101,                idd Line 1,                        $idd$ Line 1
   102,                idd Line 2,                        $idd$ Line 2
   103,                idd Line 3,                        $idd$ Line 3
   104,                idd Line 4,                        $idd$ Line 4
   105,                idd Line 5,                        $idd$ Line 5
   106,                idd Line 6,                        $idd$ Line 6
   107,                idd Line 7,                        $idd$ Line 7
   108,                idd Line 8,                        $idd$ Line 8
   109,                idd Line 9,                        $idd$ Line 9
   110,               idd Line 10,                       $idd$ Line 10
   111,               idd Line 11,                       $idd$ Line 11
   112,               idd Line 12,                       $idd$ Line 12
   113,               idd Line 13,                       $idd$ Line 13
   114,               idd Line 14,                       $idd$ Line 14
   115,               idd Line 15,                       $idd$ Line 15
   116,               idd Line 16,                       $idd$ Line 16
   117,               idd Line 17,                       $idd$ Line 17
   118,               idd Line 18,                       $idd$ Line 18
   119,               idd Line 19,                       $idd$ Line 19
   120,               idd Line 20,                       $idd$ Line 20
   121,                iqq Line 1,                        $iqq$ Line 1
   122,                iqq Line 2,                        $iqq$ Line 2
   123,                iqq Line 3,                        $iqq$ Line 3
   124,                iqq Line 4,                        $iqq$ Line 4
   125,                iqq Line 5,                        $iqq$ Line 5
   126,                iqq Line 6,                        $iqq$ Line 6
   127,                iqq Line 7,                        $iqq$ Line 7
   128,                iqq Line 8,                        $iqq$ Line 8
   129,                iqq Line 9,                        $iqq$ Line 9
   130,               iqq Line 10,                       $iqq$ Line 10
   131,               iqq Line 11,                       $iqq$ Line 11
   132,               iqq Line 12,                       $iqq$ Line 12
   133,               iqq Line 13,                       $iqq$ Line 13
   134,               iqq Line 14,                       $iqq$ Line 14
   135,               iqq Line 15,                       $iqq$ Line 15
   136,               iqq Line 16,                       $iqq$ Line 16
   137,               iqq Line 17,                       $iqq$ Line 17
   138,               iqq Line 18,                       $iqq$ Line 18
   139,               iqq Line 19,                       $iqq$ Line 19
   140,               iqq Line 20,                       $iqq$ Line 20
   141,               Id GENROU 1,                      $I_d$ GENROU 1
   142,               Id GENROU 2,                      $I_d$ GENROU 2
   143,               Id GENROU 3,                      $I_d$ GENROU 3
   144,               Id GENROU 4,                      $I_d$ GENROU 4
   145,               Id GENROU 5,                      $I_d$ GENROU 5
   146,               Iq GENROU 1,                      $I_q$ GENROU 1
   147,               Iq GENROU 2,                      $I_q$ GENROU 2
   148,               Iq GENROU 3,                      $I_q$ GENROU 3
   149,               Iq GENROU 4,                      $I_q$ GENROU 4
   150,               Iq GENROU 5,                      $I_q$ GENROU 5
   151,               vd GENROU 1,                      $V_d$ GENROU 1
   152,               vd GENROU 2,                      $V_d$ GENROU 2
   153,               vd GENROU 3,                      $V_d$ GENROU 3
   154,               vd GENROU 4,                      $V_d$ GENROU 4
   155,               vd GENROU 5,                      $V_d$ GENROU 5
   156,               vq GENROU 1,                      $V_q$ GENROU 1
   157,               vq GENROU 2,                      $V_q$ GENROU 2
   158,               vq GENROU 3,                      $V_q$ GENROU 3
   159,               vq GENROU 4,                      $V_q$ GENROU 4
   160,               vq GENROU 5,                      $V_q$ GENROU 5
   161,               tm GENROU 1,                   $\tau_m$ GENROU 1
   162,               tm GENROU 2,                   $\tau_m$ GENROU 2
   163,               tm GENROU 3,                   $\tau_m$ GENROU 3
   164,               tm GENROU 4,                   $\tau_m$ GENROU 4
   165,               tm GENROU 5,                   $\tau_m$ GENROU 5
   166,               te GENROU 1,                   $\tau_e$ GENROU 1
   167,               te GENROU 2,                   $\tau_e$ GENROU 2
   168,               te GENROU 3,                   $\tau_e$ GENROU 3
   169,               te GENROU 4,                   $\tau_e$ GENROU 4
   170,               te GENROU 5,                   $\tau_e$ GENROU 5
   171,               vf GENROU 1,                      $v_f$ GENROU 1
   172,               vf GENROU 2,                      $v_f$ GENROU 2
   173,               vf GENROU 3,                      $v_f$ GENROU 3
   174,               vf GENROU 4,                      $v_f$ GENROU 4
   175,               vf GENROU 5,                      $v_f$ GENROU 5
   176,           XadIfd GENROU 1,             $X_{ad}I_{fd}$ GENROU 1
   177,           XadIfd GENROU 2,             $X_{ad}I_{fd}$ GENROU 2
   178,           XadIfd GENROU 3,             $X_{ad}I_{fd}$ GENROU 3
   179,           XadIfd GENROU 4,             $X_{ad}I_{fd}$ GENROU 4
   180,           XadIfd GENROU 5,             $X_{ad}I_{fd}$ GENROU 5
   181,               Pe GENROU 1,                      $P_e$ GENROU 1
   182,               Pe GENROU 2,                      $P_e$ GENROU 2
   183,               Pe GENROU 3,                      $P_e$ GENROU 3
   184,               Pe GENROU 4,                      $P_e$ GENROU 4
   185,               Pe GENROU 5,                      $P_e$ GENROU 5
   186,               Qe GENROU 1,                      $Q_e$ GENROU 1
   187,               Qe GENROU 2,                      $Q_e$ GENROU 2
   188,               Qe GENROU 3,                      $Q_e$ GENROU 3
   189,               Qe GENROU 4,                      $Q_e$ GENROU 4
   190,               Qe GENROU 5,                      $Q_e$ GENROU 5
   191,             psid GENROU 1,                   $\psi_d$ GENROU 1
   192,             psid GENROU 2,                   $\psi_d$ GENROU 2
   193,             psid GENROU 3,                   $\psi_d$ GENROU 3
   194,             psid GENROU 4,                   $\psi_d$ GENROU 4
   195,             psid GENROU 5,                   $\psi_d$ GENROU 5
   196,             psiq GENROU 1,                   $\psi_q$ GENROU 1
   197,             psiq GENROU 2,                   $\psi_q$ GENROU 2
   198,             psiq GENROU 3,                   $\psi_q$ GENROU 3
   199,             psiq GENROU 4,                   $\psi_q$ GENROU 4
   200,             psiq GENROU 5,                   $\psi_q$ GENROU 5
   201,            psi2q GENROU 1,                $\psi_{aq}$ GENROU 1
   202,            psi2q GENROU 2,                $\psi_{aq}$ GENROU 2
   203,            psi2q GENROU 3,                $\psi_{aq}$ GENROU 3
   204,            psi2q GENROU 4,                $\psi_{aq}$ GENROU 4
   205,            psi2q GENROU 5,                $\psi_{aq}$ GENROU 5
   206,            psi2d GENROU 1,                $\psi_{ad}$ GENROU 1
   207,            psi2d GENROU 2,                $\psi_{ad}$ GENROU 2
   208,            psi2d GENROU 3,                $\psi_{ad}$ GENROU 3
   209,            psi2d GENROU 4,                $\psi_{ad}$ GENROU 4
   210,            psi2d GENROU 5,                $\psi_{ad}$ GENROU 5
   211,             psi2 GENROU 1,                   $\psi_a$ GENROU 1
   212,             psi2 GENROU 2,                   $\psi_a$ GENROU 2
   213,             psi2 GENROU 3,                   $\psi_a$ GENROU 3
   214,             psi2 GENROU 4,                   $\psi_a$ GENROU 4
   215,             psi2 GENROU 5,                   $\psi_a$ GENROU 5
   216,               Se GENROU 1,          $S_e(|\psi_{a}|)$ GENROU 1
   217,               Se GENROU 2,          $S_e(|\psi_{a}|)$ GENROU 2
   218,               Se GENROU 3,          $S_e(|\psi_{a}|)$ GENROU 3
   219,               Se GENROU 4,          $S_e(|\psi_{a}|)$ GENROU 4
   220,               Se GENROU 5,          $S_e(|\psi_{a}|)$ GENROU 5
   221,           XaqI1q GENROU 1,             $X_{aq}I_{1q}$ GENROU 1
   222,           XaqI1q GENROU 2,             $X_{aq}I_{1q}$ GENROU 2
   223,           XaqI1q GENROU 3,             $X_{aq}I_{1q}$ GENROU 3
   224,           XaqI1q GENROU 4,             $X_{aq}I_{1q}$ GENROU 4
   225,           XaqI1q GENROU 5,             $X_{aq}I_{1q}$ GENROU 5
   226,              paux TGOV1 1,                   $P_{aux}$ TGOV1 1
   227,              paux TGOV1 2,                   $P_{aux}$ TGOV1 2
   228,              paux TGOV1 3,                   $P_{aux}$ TGOV1 3
   229,              paux TGOV1 4,                   $P_{aux}$ TGOV1 4
   230,              paux TGOV1 5,                   $P_{aux}$ TGOV1 5
   231,              pout TGOV1 1,                   $P_{out}$ TGOV1 1
   232,              pout TGOV1 2,                   $P_{out}$ TGOV1 2
   233,              pout TGOV1 3,                   $P_{out}$ TGOV1 3
   234,              pout TGOV1 4,                   $P_{out}$ TGOV1 4
   235,              pout TGOV1 5,                   $P_{out}$ TGOV1 5
   236,              wref TGOV1 1,              $\omega_{ref}$ TGOV1 1
   237,              wref TGOV1 2,              $\omega_{ref}$ TGOV1 2
   238,              wref TGOV1 3,              $\omega_{ref}$ TGOV1 3
   239,              wref TGOV1 4,              $\omega_{ref}$ TGOV1 4
   240,              wref TGOV1 5,              $\omega_{ref}$ TGOV1 5
   241,              pref TGOV1 1,                   $P_{ref}$ TGOV1 1
   242,              pref TGOV1 2,                   $P_{ref}$ TGOV1 2
   243,              pref TGOV1 3,                   $P_{ref}$ TGOV1 3
   244,              pref TGOV1 4,                   $P_{ref}$ TGOV1 4
   245,              pref TGOV1 5,                   $P_{ref}$ TGOV1 5
   246,                wd TGOV1 1,              $\omega_{dev}$ TGOV1 1
   247,                wd TGOV1 2,              $\omega_{dev}$ TGOV1 2
   248,                wd TGOV1 3,              $\omega_{dev}$ TGOV1 3
   249,                wd TGOV1 4,              $\omega_{dev}$ TGOV1 4
   250,                wd TGOV1 5,              $\omega_{dev}$ TGOV1 5
   251,                pd TGOV1 1,                       $P_d$ TGOV1 1
   252,                pd TGOV1 2,                       $P_d$ TGOV1 2
   253,                pd TGOV1 3,                       $P_d$ TGOV1 3
   254,                pd TGOV1 4,                       $P_d$ TGOV1 4
   255,                pd TGOV1 5,                       $P_d$ TGOV1 5
   256,              LL_y TGOV1 1,                    $y_{LL}$ TGOV1 1
   257,              LL_y TGOV1 2,                    $y_{LL}$ TGOV1 2
   258,              LL_y TGOV1 3,                    $y_{LL}$ TGOV1 3
   259,              LL_y TGOV1 4,                    $y_{LL}$ TGOV1 4
   260,              LL_y TGOV1 5,                    $y_{LL}$ TGOV1 5
   261,                 v EXST1 1,                  $E_{term}$ EXST1 1
   262,              vout EXST1 1,                   $v_{out}$ EXST1 1
   263,              vref EXST1 1,                   $V_{ref}$ EXST1 1
   264,                vi EXST1 1,                       $V_i$ EXST1 1
   265,                vl EXST1 1,                       $V_l$ EXST1 1
   266,              LL_y EXST1 1,                    $y_{LL}$ EXST1 1
   267,              WF_y EXST1 1,                    $y_{WF}$ EXST1 1
   268,             vfmax EXST1 1,                  $V_{fmax}$ EXST1 1
   269,             vfmin EXST1 1,                  $V_{fmin}$ EXST1 1
   270,                v ESST3A 2,                 $E_{term}$ ESST3A 2
   271,                v ESST3A 3,                 $E_{term}$ ESST3A 3
   272,                v ESST3A 4,                 $E_{term}$ ESST3A 4
   273,                v ESST3A 5,                 $E_{term}$ ESST3A 5
   274,             vout ESST3A 2,                  $v_{out}$ ESST3A 2
   275,             vout ESST3A 3,                  $v_{out}$ ESST3A 3
   276,             vout ESST3A 4,                  $v_{out}$ ESST3A 4
   277,             vout ESST3A 5,                  $v_{out}$ ESST3A 5
   278,              UEL ESST3A 2,                   $U_{EL}$ ESST3A 2
   279,              UEL ESST3A 3,                   $U_{EL}$ ESST3A 3
   280,              UEL ESST3A 4,                   $U_{EL}$ ESST3A 4
   281,              UEL ESST3A 5,                   $U_{EL}$ ESST3A 5
   282,               IN ESST3A 2,                      $I_N$ ESST3A 2
   283,               IN ESST3A 3,                      $I_N$ ESST3A 3
   284,               IN ESST3A 4,                      $I_N$ ESST3A 4
   285,               IN ESST3A 5,                      $I_N$ ESST3A 5
   286,            FEX_y ESST3A 2,                  $y_{FEX}$ ESST3A 2
   287,            FEX_y ESST3A 3,                  $y_{FEX}$ ESST3A 3
   288,            FEX_y ESST3A 4,                  $y_{FEX}$ ESST3A 4
   289,            FEX_y ESST3A 5,                  $y_{FEX}$ ESST3A 5
   290,             VB_x ESST3A 2,                   $x_{VB}$ ESST3A 2
   291,             VB_x ESST3A 3,                   $x_{VB}$ ESST3A 3
   292,             VB_x ESST3A 4,                   $x_{VB}$ ESST3A 4
   293,             VB_x ESST3A 5,                   $x_{VB}$ ESST3A 5
   294,             VB_y ESST3A 2,                   $y_{VB}$ ESST3A 2
   295,             VB_y ESST3A 3,                   $y_{VB}$ ESST3A 3
   296,             VB_y ESST3A 4,                   $y_{VB}$ ESST3A 4
   297,             VB_y ESST3A 5,                   $y_{VB}$ ESST3A 5
   298,             VG_x ESST3A 2,                   $x_{VG}$ ESST3A 2
   299,             VG_x ESST3A 3,                   $x_{VG}$ ESST3A 3
   300,             VG_x ESST3A 4,                   $x_{VG}$ ESST3A 4
   301,             VG_x ESST3A 5,                   $x_{VG}$ ESST3A 5
   302,             VG_y ESST3A 2,                   $y_{VG}$ ESST3A 2
   303,             VG_y ESST3A 3,                   $y_{VG}$ ESST3A 3
   304,             VG_y ESST3A 4,                   $y_{VG}$ ESST3A 4
   305,             VG_y ESST3A 5,                   $y_{VG}$ ESST3A 5
   306,              vrs ESST3A 2,                   $V_{RS}$ ESST3A 2
   307,              vrs ESST3A 3,                   $V_{RS}$ ESST3A 3
   308,              vrs ESST3A 4,                   $V_{RS}$ ESST3A 4
   309,              vrs ESST3A 5,                   $V_{RS}$ ESST3A 5
   310,             vref ESST3A 2,                  $V_{ref}$ ESST3A 2
   311,             vref ESST3A 3,                  $V_{ref}$ ESST3A 3
   312,             vref ESST3A 4,                  $V_{ref}$ ESST3A 4
   313,             vref ESST3A 5,                  $V_{ref}$ ESST3A 5
   314,               vi ESST3A 2,                      $V_i$ ESST3A 2
   315,               vi ESST3A 3,                      $V_i$ ESST3A 3
   316,               vi ESST3A 4,                      $V_i$ ESST3A 4
   317,               vi ESST3A 5,                      $V_i$ ESST3A 5
   318,              vil ESST3A 2,                   $V_{il}$ ESST3A 2
   319,              vil ESST3A 3,                   $V_{il}$ ESST3A 3
   320,              vil ESST3A 4,                   $V_{il}$ ESST3A 4
   321,              vil ESST3A 5,                   $V_{il}$ ESST3A 5
   322,             HG_y ESST3A 2,                   $y_{HG}$ ESST3A 2
   323,             HG_y ESST3A 3,                   $y_{HG}$ ESST3A 3
   324,             HG_y ESST3A 4,                   $y_{HG}$ ESST3A 4
   325,             HG_y ESST3A 5,                   $y_{HG}$ ESST3A 5
   326,             LL_y ESST3A 2,                   $y_{LL}$ ESST3A 2
   327,             LL_y ESST3A 3,                   $y_{LL}$ ESST3A 3
   328,             LL_y ESST3A 4,                   $y_{LL}$ ESST3A 4
   329,             LL_y ESST3A 5,                   $y_{LL}$ ESST3A 5
   330,            WO_y BusFreq 1,                  $y_{WO}$ BusFreq 1
   331,            WO_y BusFreq 2,                  $y_{WO}$ BusFreq 2
   332,            WO_y BusFreq 3,                  $y_{WO}$ BusFreq 3
   333,               f BusFreq 1,                       $f$ BusFreq 1
   334,               f BusFreq 2,                       $f$ BusFreq 2
   335,               f BusFreq 3,                       $f$ BusFreq 3
