     0,                  Time [s],                            Time [s]
     1,            delta GENROU 1,                   $\delta$ GENROU 1
     2,            delta GENROU 2,                   $\delta$ GENROU 2
     3,            delta GENROU 3,                   $\delta$ GENROU 3
     4,            delta GENROU 4,                   $\delta$ GENROU 4
     5,            omega GENROU 1,                   $\omega$ GENROU 1
     6,            omega GENROU 2,                   $\omega$ GENROU 2
     7,            omega GENROU 3,                   $\omega$ GENROU 3
     8,            omega GENROU 4,                   $\omega$ GENROU 4
     9,              e1q GENROU 1,                   ${e'_q}$ GENROU 1
    10,              e1q GENROU 2,                   ${e'_q}$ GENROU 2
    11,              e1q GENROU 3,                   ${e'_q}$ GENROU 3
    12,              e1q GENROU 4,                   ${e'_q}$ GENROU 4
    13,              e1d GENROU 1,                   ${e'_d}$ GENROU 1
    14,              e1d GENROU 2,                   ${e'_d}$ GENROU 2
    15,              e1d GENROU 3,                   ${e'_d}$ GENROU 3
    16,              e1d GENROU 4,                   ${e'_d}$ GENROU 4
    17,              e2d GENROU 1,                  ${e''_d}$ GENROU 1
    18,              e2d GENROU 2,                  ${e''_d}$ GENROU 2
    19,              e2d GENROU 3,                  ${e''_d}$ GENROU 3
    20,              e2d GENROU 4,                  ${e''_d}$ GENROU 4
    21,              e2q GENROU 1,                  ${e''_q}$ GENROU 1
    22,              e2q GENROU 2,                  ${e''_q}$ GENROU 2
    23,              e2q GENROU 3,                  ${e''_q}$ GENROU 3
    24,              e2q GENROU 4,                  ${e''_q}$ GENROU 4
    25,             LAG_y TGOV1 1,                   $y_{LAG}$ TGOV1 1
    26,             LAG_y TGOV1 2,                   $y_{LAG}$ TGOV1 2
    27,             LAG_y TGOV1 3,                   $y_{LAG}$ TGOV1 3
    28,             LAG_y TGOV1 4,                   $y_{LAG}$ TGOV1 4
    29,              LL_x TGOV1 1,                   $x'_{LL}$ TGOV1 1
    30,              LL_x TGOV1 2,                   $x'_{LL}$ TGOV1 2
    31,              LL_x TGOV1 3,                   $x'_{LL}$ TGOV1 3
    32,              LL_x TGOV1 4,                   $x'_{LL}$ TGOV1 4
    33,              LG_y EXST1 1,                    $y_{LG}$ EXST1 1
    34,              LL_x EXST1 1,                   $x'_{LL}$ EXST1 1
    35,              LR_y EXST1 1,                    $y_{LR}$ EXST1 1
    36,              WF_x EXST1 1,                   $x'_{WF}$ EXST1 1
    37,             LG_y ESST3A 2,                   $y_{LG}$ ESST3A 2
    38,             LG_y ESST3A 3,                   $y_{LG}$ ESST3A 3
    39,             LG_y ESST3A 4,                   $y_{LG}$ ESST3A 4
    40,             LL_x ESST3A 2,                  $x'_{LL}$ ESST3A 2
    41,             LL_x ESST3A 3,                  $x'_{LL}$ ESST3A 3
    42,             LL_x ESST3A 4,                  $x'_{LL}$ ESST3A 4
    43,           LAW1_y ESST3A 2,                 $y_{LAW1}$ ESST3A 2
    44,           LAW1_y ESST3A 3,                 $y_{LAW1}$ ESST3A 3
    45,           LAW1_y ESST3A 4,                 $y_{LAW1}$ ESST3A 4
    46,           LAW2_y ESST3A 2,                 $y_{LAW2}$ ESST3A 2
    47,           LAW2_y ESST3A 3,                 $y_{LAW2}$ ESST3A 3
    48,           LAW2_y ESST3A 4,                 $y_{LAW2}$ ESST3A 4
    49,             L_y BusFreq 1,                   $y_{L}$ BusFreq 1
    50,             L_y BusFreq 2,                   $y_{L}$ BusFreq 2
    51,             L_y BusFreq 3,                   $y_{L}$ BusFreq 3
    52,             L_y BusFreq 4,                   $y_{L}$ BusFreq 4
    53,            WO_x BusFreq 1,                 $x'_{WO}$ BusFreq 1
    54,            WO_x BusFreq 2,                 $x'_{WO}$ BusFreq 2
    55,            WO_x BusFreq 3,                 $x'_{WO}$ BusFreq 3
    56,            WO_x BusFreq 4,                 $x'_{WO}$ BusFreq 4
    57,             S1_y REGCA1 1,                  $y_{S_1}$ REGCA1 1
    58,             S2_y REGCA1 1,                  $y_{S_2}$ REGCA1 1
    59,             S0_y REGCA1 1,                  $y_{S_0}$ REGCA1 1
    60,             s0_y REECA1 1,                   $y_{s0}$ REECA1 1
    61,             S1_y REECA1 1,                  $y_{S_1}$ REECA1 1
    62,           PIQ_xi REECA1 1,                 $xi_{PIQ}$ REECA1 1
    63,             s4_y REECA1 1,                  $y_{s_4}$ REECA1 1
    64,          pfilt_y REECA1 1,             $y_{P_{filt}}$ REECA1 1
    65,             s5_y REECA1 1,                   $y_{s5}$ REECA1 1
    66,           PIV_xi REECA1 1,                 $xi_{PIV}$ REECA1 1
    67,             s0_y REPCA1 1,                  $y_{s_0}$ REPCA1 1
    68,             s1_y REPCA1 1,                  $y_{s_1}$ REPCA1 1
    69,            s2_xi REPCA1 1,                 $xi_{s_2}$ REPCA1 1
    70,             s3_x REPCA1 1,                 $x'_{s_3}$ REPCA1 1
    71,             s4_y REPCA1 1,                  $y_{s_4}$ REPCA1 1
    72,            s5_xi REPCA1 1,                 $xi_{s_5}$ REPCA1 1
    73,             s6_y REPCA1 1,                  $y_{s_6}$ REPCA1 1
    74,                   a Bus 1,                      $\theta$ Bus 1
    75,                   a Bus 2,                      $\theta$ Bus 2
    76,                   a Bus 3,                      $\theta$ Bus 3
    77,                   a Bus 4,                      $\theta$ Bus 4
    78,                   a Bus 5,                      $\theta$ Bus 5
    79,                   a Bus 6,                      $\theta$ Bus 6
    80,                   a Bus 7,                      $\theta$ Bus 7
    81,                   a Bus 8,                      $\theta$ Bus 8
    82,                   a Bus 9,                      $\theta$ Bus 9
    83,                  a Bus 10,                     $\theta$ Bus 10
    84,                  a Bus 11,                     $\theta$ Bus 11
    85,                  a Bus 12,                     $\theta$ Bus 12
    86,                  a Bus 13,                     $\theta$ Bus 13
    87,                  a Bus 14,                     $\theta$ Bus 14
    88,                   v Bus 1,                           $V$ Bus 1
    89,                   v Bus 2,                           $V$ Bus 2
    90,                   v Bus 3,                           $V$ Bus 3
    91,                   v Bus 4,                           $V$ Bus 4
    92,                   v Bus 5,                           $V$ Bus 5
    93,                   v Bus 6,                           $V$ Bus 6
    94,                   v Bus 7,                           $V$ Bus 7
    95,                   v Bus 8,                           $V$ Bus 8
    96,                   v Bus 9,                           $V$ Bus 9
    97,                  v Bus 10,                          $V$ Bus 10
    98,                  v Bus 11,                          $V$ Bus 11
    99,                  v Bus 12,                          $V$ Bus 12
   100,                  v Bus 13,                          $V$ Bus 13
   101,                  v Bus 14,                          $V$ Bus 14
   102,                    q PV 2,                            $q$ PV 2
   103,                    q PV 3,                            $q$ PV 3
   104,                    q PV 4,                            $q$ PV 4
   105,                    q PV 5,                            $q$ PV 5
   106,                 q Slack 1,                         $q$ Slack 1
   107,                 p Slack 1,                         $p$ Slack 1
   108,               Id GENROU 1,                      $I_d$ GENROU 1
   109,               Id GENROU 2,                      $I_d$ GENROU 2
   110,               Id GENROU 3,                      $I_d$ GENROU 3
   111,               Id GENROU 4,                      $I_d$ GENROU 4
   112,               Iq GENROU 1,                      $I_q$ GENROU 1
   113,               Iq GENROU 2,                      $I_q$ GENROU 2
   114,               Iq GENROU 3,                      $I_q$ GENROU 3
   115,               Iq GENROU 4,                      $I_q$ GENROU 4
   116,               vd GENROU 1,                      $V_d$ GENROU 1
   117,               vd GENROU 2,                      $V_d$ GENROU 2
   118,               vd GENROU 3,                      $V_d$ GENROU 3
   119,               vd GENROU 4,                      $V_d$ GENROU 4
   120,               vq GENROU 1,                      $V_q$ GENROU 1
   121,               vq GENROU 2,                      $V_q$ GENROU 2
   122,               vq GENROU 3,                      $V_q$ GENROU 3
   123,               vq GENROU 4,                      $V_q$ GENROU 4
   124,               tm GENROU 1,                   $\tau_m$ GENROU 1
   125,               tm GENROU 2,                   $\tau_m$ GENROU 2
   126,               tm GENROU 3,                   $\tau_m$ GENROU 3
   127,               tm GENROU 4,                   $\tau_m$ GENROU 4
   128,               te GENROU 1,                   $\tau_e$ GENROU 1
   129,               te GENROU 2,                   $\tau_e$ GENROU 2
   130,               te GENROU 3,                   $\tau_e$ GENROU 3
   131,               te GENROU 4,                   $\tau_e$ GENROU 4
   132,               vf GENROU 1,                      $v_f$ GENROU 1
   133,               vf GENROU 2,                      $v_f$ GENROU 2
   134,               vf GENROU 3,                      $v_f$ GENROU 3
   135,               vf GENROU 4,                      $v_f$ GENROU 4
   136,           XadIfd GENROU 1,             $X_{ad}I_{fd}$ GENROU 1
   137,           XadIfd GENROU 2,             $X_{ad}I_{fd}$ GENROU 2
   138,           XadIfd GENROU 3,             $X_{ad}I_{fd}$ GENROU 3
   139,           XadIfd GENROU 4,             $X_{ad}I_{fd}$ GENROU 4
   140,               Pe GENROU 1,                      $P_e$ GENROU 1
   141,               Pe GENROU 2,                      $P_e$ GENROU 2
   142,               Pe GENROU 3,                      $P_e$ GENROU 3
   143,               Pe GENROU 4,                      $P_e$ GENROU 4
   144,               Qe GENROU 1,                      $Q_e$ GENROU 1
   145,               Qe GENROU 2,                      $Q_e$ GENROU 2
   146,               Qe GENROU 3,                      $Q_e$ GENROU 3
   147,               Qe GENROU 4,                      $Q_e$ GENROU 4
   148,             psid GENROU 1,                   $\psi_d$ GENROU 1
   149,             psid GENROU 2,                   $\psi_d$ GENROU 2
   150,             psid GENROU 3,                   $\psi_d$ GENROU 3
   151,             psid GENROU 4,                   $\psi_d$ GENROU 4
   152,             psiq GENROU 1,                   $\psi_q$ GENROU 1
   153,             psiq GENROU 2,                   $\psi_q$ GENROU 2
   154,             psiq GENROU 3,                   $\psi_q$ GENROU 3
   155,             psiq GENROU 4,                   $\psi_q$ GENROU 4
   156,            psi2q GENROU 1,                $\psi_{aq}$ GENROU 1
   157,            psi2q GENROU 2,                $\psi_{aq}$ GENROU 2
   158,            psi2q GENROU 3,                $\psi_{aq}$ GENROU 3
   159,            psi2q GENROU 4,                $\psi_{aq}$ GENROU 4
   160,            psi2d GENROU 1,                $\psi_{ad}$ GENROU 1
   161,            psi2d GENROU 2,                $\psi_{ad}$ GENROU 2
   162,            psi2d GENROU 3,                $\psi_{ad}$ GENROU 3
   163,            psi2d GENROU 4,                $\psi_{ad}$ GENROU 4
   164,             psi2 GENROU 1,                   $\psi_a$ GENROU 1
   165,             psi2 GENROU 2,                   $\psi_a$ GENROU 2
   166,             psi2 GENROU 3,                   $\psi_a$ GENROU 3
   167,             psi2 GENROU 4,                   $\psi_a$ GENROU 4
   168,               Se GENROU 1,          $S_e(|\psi_{a}|)$ GENROU 1
   169,               Se GENROU 2,          $S_e(|\psi_{a}|)$ GENROU 2
   170,               Se GENROU 3,          $S_e(|\psi_{a}|)$ GENROU 3
   171,               Se GENROU 4,          $S_e(|\psi_{a}|)$ GENROU 4
   172,           XaqI1q GENROU 1,             $X_{aq}I_{1q}$ GENROU 1
   173,           XaqI1q GENROU 2,             $X_{aq}I_{1q}$ GENROU 2
   174,           XaqI1q GENROU 3,             $X_{aq}I_{1q}$ GENROU 3
   175,           XaqI1q GENROU 4,             $X_{aq}I_{1q}$ GENROU 4
   176,              paux TGOV1 1,                   $P_{aux}$ TGOV1 1
   177,              paux TGOV1 2,                   $P_{aux}$ TGOV1 2
   178,              paux TGOV1 3,                   $P_{aux}$ TGOV1 3
   179,              paux TGOV1 4,                   $P_{aux}$ TGOV1 4
   180,              pout TGOV1 1,                   $P_{out}$ TGOV1 1
   181,              pout TGOV1 2,                   $P_{out}$ TGOV1 2
   182,              pout TGOV1 3,                   $P_{out}$ TGOV1 3
   183,              pout TGOV1 4,                   $P_{out}$ TGOV1 4
   184,              wref TGOV1 1,              $\omega_{ref}$ TGOV1 1
   185,              wref TGOV1 2,              $\omega_{ref}$ TGOV1 2
   186,              wref TGOV1 3,              $\omega_{ref}$ TGOV1 3
   187,              wref TGOV1 4,              $\omega_{ref}$ TGOV1 4
   188,              pref TGOV1 1,                   $P_{ref}$ TGOV1 1
   189,              pref TGOV1 2,                   $P_{ref}$ TGOV1 2
   190,              pref TGOV1 3,                   $P_{ref}$ TGOV1 3
   191,              pref TGOV1 4,                   $P_{ref}$ TGOV1 4
   192,                wd TGOV1 1,              $\omega_{dev}$ TGOV1 1
   193,                wd TGOV1 2,              $\omega_{dev}$ TGOV1 2
   194,                wd TGOV1 3,              $\omega_{dev}$ TGOV1 3
   195,                wd TGOV1 4,              $\omega_{dev}$ TGOV1 4
   196,                pd TGOV1 1,                       $P_d$ TGOV1 1
   197,                pd TGOV1 2,                       $P_d$ TGOV1 2
   198,                pd TGOV1 3,                       $P_d$ TGOV1 3
   199,                pd TGOV1 4,                       $P_d$ TGOV1 4
   200,              LL_y TGOV1 1,                    $y_{LL}$ TGOV1 1
   201,              LL_y TGOV1 2,                    $y_{LL}$ TGOV1 2
   202,              LL_y TGOV1 3,                    $y_{LL}$ TGOV1 3
   203,              LL_y TGOV1 4,                    $y_{LL}$ TGOV1 4
   204,                 v EXST1 1,                  $E_{term}$ EXST1 1
   205,              vout EXST1 1,                   $v_{out}$ EXST1 1
   206,              vref EXST1 1,                   $V_{ref}$ EXST1 1
   207,                vi EXST1 1,                       $V_i$ EXST1 1
   208,                vl EXST1 1,                       $V_l$ EXST1 1
   209,              LL_y EXST1 1,                    $y_{LL}$ EXST1 1
   210,              WF_y EXST1 1,                    $y_{WF}$ EXST1 1
   211,             vfmax EXST1 1,                  $V_{fmax}$ EXST1 1
   212,             vfmin EXST1 1,                  $V_{fmin}$ EXST1 1
   213,                v ESST3A 2,                 $E_{term}$ ESST3A 2
   214,                v ESST3A 3,                 $E_{term}$ ESST3A 3
   215,                v ESST3A 4,                 $E_{term}$ ESST3A 4
   216,             vout ESST3A 2,                  $v_{out}$ ESST3A 2
   217,             vout ESST3A 3,                  $v_{out}$ ESST3A 3
   218,             vout ESST3A 4,                  $v_{out}$ ESST3A 4
   219,              UEL ESST3A 2,                   $U_{EL}$ ESST3A 2
   220,              UEL ESST3A 3,                   $U_{EL}$ ESST3A 3
   221,              UEL ESST3A 4,                   $U_{EL}$ ESST3A 4
   222,               IN ESST3A 2,                      $I_N$ ESST3A 2
   223,               IN ESST3A 3,                      $I_N$ ESST3A 3
   224,               IN ESST3A 4,                      $I_N$ ESST3A 4
   225,            FEX_y ESST3A 2,                  $y_{FEX}$ ESST3A 2
   226,            FEX_y ESST3A 3,                  $y_{FEX}$ ESST3A 3
   227,            FEX_y ESST3A 4,                  $y_{FEX}$ ESST3A 4
   228,             VB_x ESST3A 2,                   $x_{VB}$ ESST3A 2
   229,             VB_x ESST3A 3,                   $x_{VB}$ ESST3A 3
   230,             VB_x ESST3A 4,                   $x_{VB}$ ESST3A 4
   231,             VB_y ESST3A 2,                   $y_{VB}$ ESST3A 2
   232,             VB_y ESST3A 3,                   $y_{VB}$ ESST3A 3
   233,             VB_y ESST3A 4,                   $y_{VB}$ ESST3A 4
   234,             VG_x ESST3A 2,                   $x_{VG}$ ESST3A 2
   235,             VG_x ESST3A 3,                   $x_{VG}$ ESST3A 3
   236,             VG_x ESST3A 4,                   $x_{VG}$ ESST3A 4
   237,             VG_y ESST3A 2,                   $y_{VG}$ ESST3A 2
   238,             VG_y ESST3A 3,                   $y_{VG}$ ESST3A 3
   239,             VG_y ESST3A 4,                   $y_{VG}$ ESST3A 4
   240,              vrs ESST3A 2,                   $V_{RS}$ ESST3A 2
   241,              vrs ESST3A 3,                   $V_{RS}$ ESST3A 3
   242,              vrs ESST3A 4,                   $V_{RS}$ ESST3A 4
   243,             vref ESST3A 2,                  $V_{ref}$ ESST3A 2
   244,             vref ESST3A 3,                  $V_{ref}$ ESST3A 3
   245,             vref ESST3A 4,                  $V_{ref}$ ESST3A 4
   246,               vi ESST3A 2,                      $V_i$ ESST3A 2
   247,               vi ESST3A 3,                      $V_i$ ESST3A 3
   248,               vi ESST3A 4,                      $V_i$ ESST3A 4
   249,              vil ESST3A 2,                   $V_{il}$ ESST3A 2
   250,              vil ESST3A 3,                   $V_{il}$ ESST3A 3
   251,              vil ESST3A 4,                   $V_{il}$ ESST3A 4
   252,             HG_y ESST3A 2,                   $y_{HG}$ ESST3A 2
   253,             HG_y ESST3A 3,                   $y_{HG}$ ESST3A 3
   254,             HG_y ESST3A 4,                   $y_{HG}$ ESST3A 4
   255,             LL_y ESST3A 2,                   $y_{LL}$ ESST3A 2
   256,             LL_y ESST3A 3,                   $y_{LL}$ ESST3A 3
   257,             LL_y ESST3A 4,                   $y_{LL}$ ESST3A 4
   258,            WO_y BusFreq 1,                  $y_{WO}$ BusFreq 1
   259,            WO_y BusFreq 2,                  $y_{WO}$ BusFreq 2
   260,            WO_y BusFreq 3,                  $y_{WO}$ BusFreq 3
   261,            WO_y BusFreq 4,                  $y_{WO}$ BusFreq 4
   262,               f BusFreq 1,                       $f$ BusFreq 1
   263,               f BusFreq 2,                       $f$ BusFreq 2
   264,               f BusFreq 3,                       $f$ BusFreq 3
   265,               f BusFreq 4,                       $f$ BusFreq 4
   266,            LVG_y REGCA1 1,               $y_{L_{VG}}$ REGCA1 1
   267,            Ipcmd REGCA1 1,                 $I_{pcmd}$ REGCA1 1
   268,            Iqcmd REGCA1 1,                 $I_{qcmd}$ REGCA1 1
   269,           LVPL_y REGCA1 1,              $y_{L_{VPL}}$ REGCA1 1
   270,            Ipout REGCA1 1,                 $I_{pout}$ REGCA1 1
   271,            HVG_x REGCA1 1,               $x_{H_{VG}}$ REGCA1 1
   272,            HVG_y REGCA1 1,               $y_{H_{VG}}$ REGCA1 1
   273,          Iqout_x REGCA1 1,             $x_{I^{qout}}$ REGCA1 1
   274,          Iqout_y REGCA1 1,             $y_{I^{qout}}$ REGCA1 1
   275,               Pe REGCA1 1,                      $P_e$ REGCA1 1
   276,               Qe REGCA1 1,                      $Q_e$ REGCA1 1
   277,               vp REECA1 1,                      $V_p$ REECA1 1
   278,           pfaref REECA1 1,               $\Phi_{ref}$ REECA1 1
   279,             Qref REECA1 1,                  $Q_{ref}$ REECA1 1
   280,             Qcpf REECA1 1,                  $Q_{cpf}$ REECA1 1
   281,            PFsel REECA1 1,                    $PFsel$ REECA1 1
   282,             Qerr REECA1 1,                  $Q_{err}$ REECA1 1
   283,           PIQ_ys REECA1 1,                 $ys_{PIQ}$ REECA1 1
   284,            PIQ_y REECA1 1,                  $y_{PIQ}$ REECA1 1
   285,           Vsel_x REECA1 1,                 $x_{Vsel}$ REECA1 1
   286,           Vsel_y REECA1 1,                 $y_{Vsel}$ REECA1 1
   287,             Verr REECA1 1,                  $V_{err}$ REECA1 1
   288,            dbV_y REECA1 1,                  $y_{dbV}$ REECA1 1
   289,            Iqinj REECA1 1,                 $I_{qinj}$ REECA1 1
   290,               wg REECA1 1,                 $\omega_g$ REECA1 1
   291,             Pref REECA1 1,                  $P_{ref}$ REECA1 1
   292,             Psel REECA1 1,                  $P_{sel}$ REECA1 1
   293,           VDL1_y REECA1 1,              $y_{V_{DL1}}$ REECA1 1
   294,           VDL2_y REECA1 1,              $y_{V_{DL2}}$ REECA1 1
   295,            Ipmax REECA1 1,                 $I_{pmax}$ REECA1 1
   296,            Iqmax REECA1 1,                 $I_{qmax}$ REECA1 1
   297,           PIV_ys REECA1 1,                 $ys_{PIV}$ REECA1 1
   298,            PIV_y REECA1 1,                  $y_{PIV}$ REECA1 1
   299,             Qsel REECA1 1,                  $Q_{sel}$ REECA1 1
   300,           IpHL_x REECA1 1,                 $x_{IpHL}$ REECA1 1
   301,           IpHL_y REECA1 1,                 $y_{IpHL}$ REECA1 1
   302,           IqHL_x REECA1 1,                 $x_{IqHL}$ REECA1 1
   303,           IqHL_y REECA1 1,                 $y_{IqHL}$ REECA1 1
   304,             Vref REPCA1 1,                  $Q_{ref}$ REPCA1 1
   305,           Qlinef REPCA1 1,                $Q_{linef}$ REPCA1 1
   306,           Refsel REPCA1 1,                $R_{efsel}$ REPCA1 1
   307,            dbd_y REPCA1 1,               $y_{d^{bd}}$ REPCA1 1
   308,              enf REPCA1 1,                   $e_{nf}$ REPCA1 1
   309,            s2_ys REPCA1 1,                 $ys_{s_2}$ REPCA1 1
   310,             s2_y REPCA1 1,                  $y_{s_2}$ REPCA1 1
   311,             s3_y REPCA1 1,                  $y_{s_3}$ REPCA1 1
   312,             ferr REPCA1 1,                  $f_{err}$ REPCA1 1
   313,           fdbd_y REPCA1 1,              $y_{f^{dbd}}$ REPCA1 1
   314,       Plant_pref REPCA1 1,                  $P_{ref}$ REPCA1 1
   315,            Plerr REPCA1 1,                 $P_{lerr}$ REPCA1 1
   316,             Perr REPCA1 1,                  $P_{err}$ REPCA1 1
   317,            s5_ys REPCA1 1,                 $ys_{s_5}$ REPCA1 1
   318,             s5_y REPCA1 1,                  $y_{s_5}$ REPCA1 1
